<?xml version="1.0" encoding="UTF-8"?>
<!-- Generated by org.testng.reporters.JUnitReportReporter -->
<testsuite hostname="DESKTOP-2336HU1" failures="0" tests="3" name="com.exelenter.class04._03_DataProviderDemo2" time="20.967" errors="0" timestamp="2023-02-20T12:14:41 TRT" skipped="0">
  <testcase classname="com.exelenter.class04._03_DataProviderDemo2" name="loginTest2" time="6.391"/>
  <system-out/>
  <testcase classname="com.exelenter.class04._03_DataProviderDemo2" name="loginTest3" time="6.717"/>
  <system-out/>
  <testcase classname="com.exelenter.class04._03_DataProviderDemo2" name="loginTest1" time="7.859"/>
  <system-out/>
</testsuite> <!-- com.exelenter.class04._03_DataProviderDemo2 -->
