<?xml version="1.0" encoding="UTF-8"?>
<!-- Generated by org.testng.reporters.JUnitReportReporter -->
<testsuite hostname="DESKTOP-2336HU1" failures="0" tests="1" name="com.exelenter.class02._04_Task1" time="20.798" errors="0" timestamp="2023-02-17T23:50:03 TRT" skipped="0">
  <testcase classname="com.exelenter.class02._04_Task1" name="dashboardLogoValidation" time="20.798"/>
  <system-out/>
</testsuite> <!-- com.exelenter.class02._04_Task1 -->
