<?xml version="1.0" encoding="UTF-8"?>
<!-- Generated by org.testng.reporters.JUnitReportReporter -->
<testsuite hostname="DESKTOP-2336HU1" failures="0" tests="8" name="com.exelenter.class05._03_HW_LoginTestNegative" time="67.384" errors="0" timestamp="2023-02-23T18:57:25 TRT" skipped="0">
  <testcase classname="com.exelenter.class05._03_HW_LoginTestNegative" name="userLogin" time="7.855"/>
  <system-out/>
  <testcase classname="com.exelenter.class05._03_HW_LoginTestNegative" name="userLogin" time="13.387"/>
  <system-out/>
  <testcase classname="com.exelenter.class05._03_HW_LoginTestNegative" name="userLogin" time="6.738"/>
  <system-out/>
  <testcase classname="com.exelenter.class05._03_HW_LoginTestNegative" name="userLogin" time="5.790"/>
  <system-out/>
  <testcase classname="com.exelenter.class05._03_HW_LoginTestNegative" name="userLogin" time="8.676"/>
  <system-out/>
  <testcase classname="com.exelenter.class05._03_HW_LoginTestNegative" name="userLogin" time="7.004"/>
  <system-out/>
  <testcase classname="com.exelenter.class05._03_HW_LoginTestNegative" name="userLogin" time="7.292"/>
  <system-out/>
  <testcase classname="com.exelenter.class05._03_HW_LoginTestNegative" name="userLogin" time="10.642"/>
  <system-out/>
</testsuite> <!-- com.exelenter.class05._03_HW_LoginTestNegative -->
