<?xml version="1.0" encoding="UTF-8"?>
<!-- Generated by org.testng.reporters.JUnitReportReporter -->
<testsuite hostname="DESKTOP-2336HU1" failures="0" tests="3" name="com.exelenter.class01._03_TestNGDemo3" time="0.000" errors="0" timestamp="2023-02-15T12:14:51 TRT" skipped="1">
  <testcase classname="com.exelenter.class01._03_TestNGDemo3" name="test2" time="0.000"/>
  <system-out/>
  <testcase classname="com.exelenter.class01._03_TestNGDemo3" name="test3" time="0.000"/>
  <system-out/>
  <testcase classname="com.exelenter.class01._03_TestNGDemo3" name="test1">
    <skipped/>
  </testcase> <!-- test1 -->
  <system-out/>
</testsuite> <!-- com.exelenter.class01._03_TestNGDemo3 -->
