<?xml version="1.0" encoding="UTF-8"?>
<!-- Generated by org.testng.reporters.JUnitReportReporter -->
<testsuite hostname="DESKTOP-2336HU1" failures="0" tests="1" name="test.AddEmployeeTest" time="13.128" errors="0" timestamp="2023-02-17T15:02:20 TRT" skipped="0">
  <testcase classname="test.AddEmployeeTest" name="addEmployeeTest" time="13.128"/>
  <system-out/>
</testsuite> <!-- test.AddEmployeeTest -->
