<?xml version="1.0" encoding="UTF-8"?>
<!-- Generated by org.testng.reporters.JUnitReportReporter -->
<testsuite hostname="DESKTOP-2336HU1" failures="0" tests="2" name="com.exelenter.class05._01_ListenerDemo" time="0.000" errors="0" timestamp="2023-02-20T19:43:05 TRT" skipped="0">
  <testcase classname="com.exelenter.class05._01_ListenerDemo" name="test2" time="0.000"/>
  <system-out/>
  <testcase classname="com.exelenter.class05._01_ListenerDemo" name="test1" time="0.000"/>
  <system-out/>
</testsuite> <!-- com.exelenter.class05._01_ListenerDemo -->
