<?xml version="1.0" encoding="UTF-8"?>
<!-- Generated by org.testng.reporters.JUnitReportReporter -->
<testsuite hostname="DESKTOP-2336HU1" failures="0" tests="2" name="com.exelenter.class04._01_GroupsDemo" time="0.002" errors="0" timestamp="2023-02-20T19:14:43 TRT" skipped="0">
  <testcase classname="com.exelenter.class04._01_GroupsDemo" name="test3" time="0.002"/>
  <system-out/>
  <testcase classname="com.exelenter.class04._01_GroupsDemo" name="test4" time="0.000"/>
  <system-out/>
</testsuite> <!-- com.exelenter.class04._01_GroupsDemo -->
