<?xml version="1.0" encoding="UTF-8"?>
<!-- Generated by org.testng.reporters.JUnitReportReporter -->
<testsuite hostname="DESKTOP-2336HU1" failures="0" tests="3" name="com.exelenter.class04._04_DataProviderDemo3" time="48.242" errors="0" timestamp="2023-02-20T10:44:09 TRT" skipped="0">
  <testcase classname="com.exelenter.class04._04_DataProviderDemo3" name="loginTest" time="17.317"/>
  <system-out/>
  <testcase classname="com.exelenter.class04._04_DataProviderDemo3" name="loginTest" time="17.463"/>
  <system-out/>
  <testcase classname="com.exelenter.class04._04_DataProviderDemo3" name="loginTest" time="13.462"/>
  <system-out/>
</testsuite> <!-- com.exelenter.class04._04_DataProviderDemo3 -->
