<?xml version="1.0" encoding="UTF-8"?>
<!-- Generated by org.testng.reporters.JUnitReportReporter -->
<testsuite hostname="DESKTOP-2336HU1" failures="0" tests="3" name="test.LoginTest" time="18.082" errors="0" timestamp="2023-02-17T15:13:12 TRT" skipped="0">
  <testcase classname="test.LoginTest" name="validAdminLogin" time="6.167"/>
  <system-out/>
  <testcase classname="test.LoginTest" name="validUserInvalidPassword" time="7.316"/>
  <system-out/>
  <testcase classname="test.LoginTest" name="validUserEmptyPassword" time="4.599"/>
  <system-out/>
</testsuite> <!-- test.LoginTest -->
