<?xml version="1.0" encoding="UTF-8"?>
<!-- Generated by org.testng.reporters.JUnitReportReporter -->
<testsuite hostname="DESKTOP-2336HU1" failures="0" tests="4" name="com.exelenter.class05._02_HW_AddEmployeeFromExcel" time="61.966" errors="0" timestamp="2023-02-23T10:58:49 TRT" skipped="0">
  <testcase classname="com.exelenter.class05._02_HW_AddEmployeeFromExcel" name="addEmployeeTest" time="16.907"/>
  <system-out/>
  <testcase classname="com.exelenter.class05._02_HW_AddEmployeeFromExcel" name="addEmployeeTest" time="14.939"/>
  <system-out/>
  <testcase classname="com.exelenter.class05._02_HW_AddEmployeeFromExcel" name="addEmployeeTest" time="14.238"/>
  <system-out/>
  <testcase classname="com.exelenter.class05._02_HW_AddEmployeeFromExcel" name="addEmployeeTest" time="15.882"/>
  <system-out/>
</testsuite> <!-- com.exelenter.class05._02_HW_AddEmployeeFromExcel -->
