<?xml version="1.0" encoding="UTF-8"?>
<!-- Generated by org.testng.reporters.JUnitReportReporter -->
<testsuite hostname="DESKTOP-2336HU1" failures="0" tests="1" name="com.exelenter.test_archive.AddEmployeeTest_Old" time="17.935" errors="0" timestamp="2023-02-17T12:30:06 TRT" skipped="0">
  <testcase classname="com.exelenter.test_archive.AddEmployeeTest_Old" name="addEmployeeTest" time="17.935"/>
  <system-out/>
</testsuite> <!-- com.exelenter.test_archive.AddEmployeeTest_Old -->
