<?xml version="1.0" encoding="UTF-8"?>
<!-- Generated by org.testng.reporters.JUnitReportReporter -->
<testsuite hostname="DESKTOP-2336HU1" failures="0" tests="3" name="com.exelenter.class02._01_ValidationTests" time="31.742" errors="0" timestamp="2023-02-17T23:50:03 TRT" skipped="0">
  <testcase classname="com.exelenter.class02._01_ValidationTests" name="titleValidation" time="7.000"/>
  <system-out/>
  <testcase classname="com.exelenter.class02._01_ValidationTests" name="logoValidation" time="8.759"/>
  <system-out/>
  <testcase classname="com.exelenter.class02._01_ValidationTests" name="validLoginTest" time="15.983"/>
  <system-out/>
</testsuite> <!-- com.exelenter.class02._01_ValidationTests -->
