<?xml version="1.0" encoding="UTF-8"?>
<!-- Generated by org.testng.reporters.JUnitReportReporter -->
<testsuite hostname="DESKTOP-2336HU1" failures="0" tests="2" name="com.exelenter.class04._05_AddEmployee" time="49.530" errors="0" timestamp="2023-02-20T10:19:56 TRT" skipped="0">
  <testcase classname="com.exelenter.class04._05_AddEmployee" name="addEmployeeTest" time="20.761"/>
  <system-out/>
  <testcase classname="com.exelenter.class04._05_AddEmployee" name="addEmployeeTest" time="28.769"/>
  <system-out/>
</testsuite> <!-- com.exelenter.class04._05_AddEmployee -->
